<?xml version="1.0" encoding="UTF-8"?>
<!-- Generated by org.testng.reporters.JUnitReportReporter -->
<testsuite hostname="Taruns-MacBook-Pro.local" name="com.urbanladder.com.tests.TestLoginPage" tests="2" failures="0" timestamp="31 Aug 2015 04:36:17 GMT" time="8.458" errors="0">
  <testcase name="test_login_Page_Correct" time="5.377" classname="com.urbanladder.com.tests.TestLoginPage"/>
  <testcase name="test_login_Page_InCorrect" time="3.081" classname="com.urbanladder.com.tests.TestLoginPage"/>
</testsuite> <!-- com.urbanladder.com.tests.TestLoginPage -->
