<?xml version="1.0" encoding="UTF-8"?>
<!-- Generated by org.testng.reporters.JUnitReportReporter -->
<testsuite hostname="Taruns-MacBook-Pro.local" name="com.urbanladder.com.spree_automation.SafariDriverTests" tests="1" failures="0" timestamp="29 Aug 2015 17:13:35 GMT" time="5.322" errors="0">
  <testcase name="shouldBeAbleToPerformAGoogleSearch" time="5.322" classname="com.urbanladder.com.spree_automation.SafariDriverTests"/>
</testsuite> <!-- com.urbanladder.com.spree_automation.SafariDriverTests -->
