<?xml version="1.0" encoding="UTF-8"?>
<!-- Generated by org.testng.reporters.JUnitReportReporter -->
<testsuite hostname="Taruns-MacBook-Pro.local" name="com.urbanladder.com.tests.TestOrderPage" tests="2" failures="0" timestamp="31 Aug 2015 04:36:17 GMT" time="24.038" errors="0">
  <testcase name="new_order" time="2.178" classname="com.urbanladder.com.tests.TestOrderPage"/>
  <testcase name="test_order_search" time="21.860" classname="com.urbanladder.com.tests.TestOrderPage"/>
</testsuite> <!-- com.urbanladder.com.tests.TestOrderPage -->
